<?xml version="1.0" encoding="UTF-8"?>
<testng-results skipped="0" failed="0" total="1" passed="1">
  <reporter-output>
  </reporter-output>
  <suite name="Tests" duration-ms="30887" started-at="2014-03-15T12:50:48Z" finished-at="2014-03-15T12:51:19Z">
    <groups>
    </groups>
    <test name="Test1" duration-ms="30887" started-at="2014-03-15T12:50:48Z" finished-at="2014-03-15T12:51:19Z">
      <class name="com.dibs.functional.DibsTest">
        <test-method status="PASS" signature="init()[pri:0, instance:com.dibs.functional.DibsTest@28e914c8]" name="init" is-config="true" duration-ms="28050" started-at="2014-03-15T14:50:48Z" finished-at="2014-03-15T14:51:16Z">
          <reporter-output>
          </reporter-output>
        </test-method> <!-- init -->
        <test-method status="PASS" signature="testDibsSolutionsOK()[pri:0, instance:com.dibs.functional.DibsTest@28e914c8]" name="testDibsSolutionsOK" duration-ms="2776" started-at="2014-03-15T14:51:17Z" finished-at="2014-03-15T14:51:19Z">
          <reporter-output>
          </reporter-output>
        </test-method> <!-- testDibsSolutionsOK -->
        <test-method status="PASS" signature="stop()[pri:0, instance:com.dibs.functional.DibsTest@28e914c8]" name="stop" is-config="true" duration-ms="360" started-at="2014-03-15T14:51:19Z" finished-at="2014-03-15T14:51:20Z">
          <reporter-output>
          </reporter-output>
        </test-method> <!-- stop -->
      </class> <!-- com.dibs.functional.DibsTest -->
    </test> <!-- Test1 -->
  </suite> <!-- Tests -->
</testng-results>
